{
  "0 debug pnpm:scope": {
    "selected": 1
  },
  "1 error pnpm": {
    "code": "ELIFECYCLE",
    "errno": "ENOENT",
    "syscall": "spawn",
    "file": "sh",
    "pkgid": "satus@1.0.0",
    "stage": "dev",
    "script": "next dev",
    "pkgname": "satus",
    "err": {
      "name": "pnpm",
      "message": "satus@1.0.0 dev: `next dev`\nspawn ENOENT",
      "code": "ELIFECYCLE",
      "stack": "pnpm: satus@1.0.0 dev: `next dev`\nspawn ENOENT\n    at ChildProcess.<anonymous> (/Users/guidofier/.nvm/versions/node/v17.0.1/lib/node_modules/pnpm/dist/pnpm.cjs:92187:22)\n    at ChildProcess.emit (node:events:390:28)\n    at maybeClose (node:internal/child_process:1062:16)\n    at Process.ChildProcess._handle.onexit (node:internal/child_process:301:5)"
    }
  },
  "2 warn pnpm:global": " Local package.json exists, but node_modules missing, did you mean to install?"
}